# JRE version: Java(TM) SE Runtime Environment (17.0.12+8) (build 17.0.12+8-LTS-286)
# Java VM: Java HotSpot(TM) 64-Bit Server VM (17.0.12+8-LTS-286, mixed mode, sharing, tiered, compressed oops, compressed class ptrs, g1 gc, windows-amd64)
GC Precious Log:
 CPUs: 8 total, 8 available
 Memory: 8067M
 Large Page Support: Disabled
 NUMA Support: Disabled
 Compressed Oops: Enabled (Zero based)
 Heap Region Size: 2M
 Heap Min Capacity: 8M
 Heap Initial Capacity: 128M
 Heap Max Capacity: 4G
 Pre-touch: Disabled
 Parallel Workers: 8
 Concurrent Workers: 2
 Concurrent Refinement Workers: 8
 Periodic GC: Disabled
Heap:
 garbage-first heap   total 421888K, used 233116K [0x0000000700000000, 0x0000000800000000)
  region size 2048K, 3 young (6144K), 3 survivors (6144K)
 Metaspace       used 127808K, committed 129472K, reserved 1179648K
  class space    used 17775K, committed 18560K, reserved 1048576K
GC Heap History (20 events):
Event: 22.485 GC heap after
{Heap after GC invocations=36 (full 0):
 garbage-first heap   total 389120K, used 125070K [0x0000000700000000, 0x0000000800000000)
  region size 2048K, 2 young (4096K), 2 survivors (4096K)
 Metaspace       used 88629K, committed 89792K, reserved 1179648K
  class space    used 12451K, committed 13056K, reserved 1048576K
}
Event: 25.288 GC heap before
{Heap before GC invocations=36 (full 0):
 garbage-first heap   total 389120K, used 284814K [0x0000000700000000, 0x0000000800000000)
  region size 2048K, 81 young (165888K), 2 survivors (4096K)
 Metaspace       used 91630K, committed 92928K, reserved 1179648K
  class space    used 12805K, committed 13440K, reserved 1048576K
}
Event: 25.299 GC heap after
{Heap after GC invocations=37 (full 0):
 garbage-first heap   total 389120K, used 140399K [0x0000000700000000, 0x0000000800000000)
  region size 2048K, 9 young (18432K), 9 survivors (18432K)
 Metaspace       used 91630K, committed 92928K, reserved 1179648K
  class space    used 12805K, committed 13440K, reserved 1048576K
}
Event: 27.587 GC heap before
{Heap before GC invocations=37 (full 0):
 garbage-first heap   total 389120K, used 296047K [0x0000000700000000, 0x0000000800000000)
  region size 2048K, 84 young (172032K), 9 survivors (18432K)
 Metaspace       used 101753K, committed 102976K, reserved 1179648K
  class space    used 13985K, committed 14592K, reserved 1048576K
}
Event: 27.603 GC heap after
{Heap after GC invocations=38 (full 0):
 garbage-first heap   total 389120K, used 154477K [0x0000000700000000, 0x0000000800000000)
  region size 2048K, 5 young (10240K), 5 survivors (10240K)
 Metaspace       used 101753K, committed 102976K, reserved 1179648K
  class space    used 13985K, committed 14592K, reserved 1048576K
}
Event: 31.903 GC heap before
{Heap before GC invocations=38 (full 0):
 garbage-first heap   total 389120K, used 301933K [0x0000000700000000, 0x0000000800000000)
  region size 2048K, 77 young (157696K), 5 survivors (10240K)
 Metaspace       used 106956K, committed 108224K, reserved 1179648K
  class space    used 14743K, committed 15360K, reserved 1048576K
}
Event: 31.919 GC heap after
{Heap after GC invocations=39 (full 0):
 garbage-first heap   total 389120K, used 161400K [0x0000000700000000, 0x0000000800000000)
  region size 2048K, 8 young (16384K), 8 survivors (16384K)
 Metaspace       used 106956K, committed 108224K, reserved 1179648K
  class space    used 14743K, committed 15360K, reserved 1048576K
}
Event: 34.954 GC heap before
{Heap before GC invocations=39 (full 0):
 garbage-first heap   total 389120K, used 308856K [0x0000000700000000, 0x0000000800000000)
  region size 2048K, 81 young (165888K), 8 survivors (16384K)
 Metaspace       used 115435K, committed 116736K, reserved 1179648K
  class space    used 16028K, committed 16640K, reserved 1048576K
}
Event: 34.967 GC heap after
{Heap after GC invocations=40 (full 0):
 garbage-first heap   total 389120K, used 166491K [0x0000000700000000, 0x0000000800000000)
  region size 2048K, 7 young (14336K), 7 survivors (14336K)
 Metaspace       used 115435K, committed 116736K, reserved 1179648K
  class space    used 16028K, committed 16640K, reserved 1048576K
}
Event: 37.532 GC heap before
{Heap before GC invocations=40 (full 0):
 garbage-first heap   total 389120K, used 313947K [0x0000000700000000, 0x0000000800000000)
  region size 2048K, 79 young (161792K), 7 survivors (14336K)
 Metaspace       used 123981K, committed 125376K, reserved 1179648K
  class space    used 17199K, committed 17920K, reserved 1048576K
}
Event: 37.551 GC heap after
{Heap after GC invocations=41 (full 0):
 garbage-first heap   total 389120K, used 174996K [0x0000000700000000, 0x0000000800000000)
  region size 2048K, 7 young (14336K), 7 survivors (14336K)
 Metaspace       used 123981K, committed 125376K, reserved 1179648K
  class space    used 17199K, committed 17920K, reserved 1048576K
}
Event: 38.578 GC heap before
{Heap before GC invocations=41 (full 0):
 garbage-first heap   total 389120K, used 316308K [0x0000000700000000, 0x0000000800000000)
  region size 2048K, 77 young (157696K), 7 survivors (14336K)
 Metaspace       used 124092K, committed 125504K, reserved 1179648K
  class space    used 17210K, committed 17920K, reserved 1048576K
}
Event: 38.596 GC heap after
{Heap after GC invocations=42 (full 0):
 garbage-first heap   total 389120K, used 181614K [0x0000000700000000, 0x0000000800000000)
  region size 2048K, 8 young (16384K), 8 survivors (16384K)
 Metaspace       used 124092K, committed 125504K, reserved 1179648K
  class space    used 17210K, committed 17920K, reserved 1048576K
}
Event: 40.534 GC heap before
{Heap before GC invocations=42 (full 0):
 garbage-first heap   total 389120K, used 318830K [0x0000000700000000, 0x0000000800000000)
  region size 2048K, 75 young (153600K), 8 survivors (16384K)
 Metaspace       used 126188K, committed 127744K, reserved 1179648K
  class space    used 17552K, committed 18304K, reserved 1048576K
}
Event: 40.555 GC heap after
{Heap after GC invocations=43 (full 0):
 garbage-first heap   total 389120K, used 197922K [0x0000000700000000, 0x0000000800000000)
  region size 2048K, 10 young (20480K), 10 survivors (20480K)
 Metaspace       used 126188K, committed 127744K, reserved 1179648K
  class space    used 17552K, committed 18304K, reserved 1048576K
}
Event: 41.830 GC heap before
{Heap before GC invocations=43 (full 0):
 garbage-first heap   total 389120K, used 322850K [0x0000000700000000, 0x0000000800000000)
  region size 2048K, 69 young (141312K), 10 survivors (20480K)
 Metaspace       used 126761K, committed 128384K, reserved 1179648K
  class space    used 17622K, committed 18368K, reserved 1048576K
}
Event: 41.851 GC heap after
{Heap after GC invocations=44 (full 0):
 garbage-first heap   total 389120K, used 220621K [0x0000000700000000, 0x0000000800000000)
  region size 2048K, 9 young (18432K), 9 survivors (18432K)
 Metaspace       used 126761K, committed 128384K, reserved 1179648K
  class space    used 17622K, committed 18368K, reserved 1048576K
}
Event: 43.005 GC heap before
{Heap before GC invocations=44 (full 0):
 garbage-first heap   total 389120K, used 314829K [0x0000000700000000, 0x0000000800000000)
  region size 2048K, 56 young (114688K), 9 survivors (18432K)
 Metaspace       used 127808K, committed 129472K, reserved 1179648K
  class space    used 17775K, committed 18560K, reserved 1048576K
}
Event: 43.024 GC heap after
{Heap after GC invocations=45 (full 0):
 garbage-first heap   total 389120K, used 229666K [0x0000000700000000, 0x0000000800000000)
  region size 2048K, 6 young (12288K), 6 survivors (12288K)
 Metaspace       used 127808K, committed 129472K, reserved 1179648K
  class space    used 17775K, committed 18560K, reserved 1048576K
}
Event: 43.426 GC heap before
{Heap before GC invocations=45 (full 0):
 garbage-first heap   total 389120K, used 315682K [0x0000000700000000, 0x0000000800000000)
  region size 2048K, 49 young (100352K), 6 survivors (12288K)
 Metaspace       used 127808K, committed 129472K, reserved 1179648K
  class space    used 17775K, committed 18560K, reserved 1048576K
}

